0 info it worked if it ends with ok
1 verbose cli [ '/usr/local/bin/node',
1 verbose cli   '/usr/local/bin/npm',
1 verbose cli   'install',
1 verbose cli   'tns-android@3.2.0' ]
2 info using npm@3.10.10
3 info using node@v6.11.4
4 silly loadCurrentTree Starting
5 silly install loadCurrentTree
6 silly install readLocalPackageData
7 silly fetchPackageMetaData tns-android@3.2.0
8 silly fetchNamedPackageData tns-android
9 silly mapToRegistry name tns-android
10 silly mapToRegistry using default registry
11 silly mapToRegistry registry https://registry.npmjs.org/
12 silly mapToRegistry data Result {
12 silly mapToRegistry   raw: 'tns-android',
12 silly mapToRegistry   scope: null,
12 silly mapToRegistry   escapedName: 'tns-android',
12 silly mapToRegistry   name: 'tns-android',
12 silly mapToRegistry   rawSpec: '',
12 silly mapToRegistry   spec: 'latest',
12 silly mapToRegistry   type: 'tag' }
13 silly mapToRegistry uri https://registry.npmjs.org/tns-android
14 verbose request uri https://registry.npmjs.org/tns-android
15 verbose request no auth needed
16 info attempt registry request try #1 at 3:38:58 PM
17 verbose request id a52bda4162eb8129
18 verbose etag W/"59e5ea3b-81c25"
19 verbose lastModified Tue, 17 Oct 2017 11:32:11 GMT
20 http request GET https://registry.npmjs.org/tns-android
21 http 304 https://registry.npmjs.org/tns-android
22 verbose headers { date: 'Wed, 18 Oct 2017 19:38:59 GMT',
22 verbose headers   via: '1.1 varnish',
22 verbose headers   'cache-control': 'max-age=300',
22 verbose headers   etag: 'W/"59e5ea3b-81c25"',
22 verbose headers   age: '164',
22 verbose headers   connection: 'keep-alive',
22 verbose headers   'x-served-by': 'cache-yul8924-YUL',
22 verbose headers   'x-cache': 'HIT',
22 verbose headers   'x-cache-hits': '1',
22 verbose headers   'x-timer': 'S1508355539.234355,VS0,VE1',
22 verbose headers   vary: 'Accept-Encoding, Accept' }
23 silly get cb [ 304,
23 silly get   { date: 'Wed, 18 Oct 2017 19:38:59 GMT',
23 silly get     via: '1.1 varnish',
23 silly get     'cache-control': 'max-age=300',
23 silly get     etag: 'W/"59e5ea3b-81c25"',
23 silly get     age: '164',
23 silly get     connection: 'keep-alive',
23 silly get     'x-served-by': 'cache-yul8924-YUL',
23 silly get     'x-cache': 'HIT',
23 silly get     'x-cache-hits': '1',
23 silly get     'x-timer': 'S1508355539.234355,VS0,VE1',
23 silly get     vary: 'Accept-Encoding, Accept' } ]
24 verbose etag https://registry.npmjs.org/tns-android from cache
25 verbose get saving tns-android to /Users/Retina/.npm/registry.npmjs.org/tns-android/.cache.json
26 verbose correctMkdir /Users/Retina/.npm correctMkdir not in flight; initializing
27 silly install normalizeTree
28 silly loadCurrentTree Finishing
29 silly loadIdealTree Starting
30 silly install loadIdealTree
31 silly cloneCurrentTree Starting
32 silly install cloneCurrentTreeToIdealTree
33 silly cloneCurrentTree Finishing
34 silly loadShrinkwrap Starting
35 silly install loadShrinkwrap
36 silly loadShrinkwrap Finishing
37 silly loadAllDepsIntoIdealTree Starting
38 silly install loadAllDepsIntoIdealTree
39 silly resolveWithNewModule tns-android@3.2.0 checking installable status
40 silly cache add args [ 'tns-android@3.2.0', null ]
41 verbose cache add spec tns-android@3.2.0
42 silly cache add parsed spec Result {
42 silly cache add   raw: 'tns-android@3.2.0',
42 silly cache add   scope: null,
42 silly cache add   escapedName: 'tns-android',
42 silly cache add   name: 'tns-android',
42 silly cache add   rawSpec: '3.2.0',
42 silly cache add   spec: '3.2.0',
42 silly cache add   type: 'version' }
43 silly addNamed tns-android@3.2.0
44 verbose addNamed "3.2.0" is a plain semver version for tns-android
45 silly mapToRegistry name tns-android
46 silly mapToRegistry using default registry
47 silly mapToRegistry registry https://registry.npmjs.org/
48 silly mapToRegistry data Result {
48 silly mapToRegistry   raw: 'tns-android',
48 silly mapToRegistry   scope: null,
48 silly mapToRegistry   escapedName: 'tns-android',
48 silly mapToRegistry   name: 'tns-android',
48 silly mapToRegistry   rawSpec: '',
48 silly mapToRegistry   spec: 'latest',
48 silly mapToRegistry   type: 'tag' }
49 silly mapToRegistry uri https://registry.npmjs.org/tns-android
50 verbose addNameVersion registry:https://registry.npmjs.org/tns-android not in flight; fetching
51 verbose get https://registry.npmjs.org/tns-android not expired, no request
52 silly cache afterAdd tns-android@3.2.0
53 verbose afterAdd /Users/Retina/.npm/tns-android/3.2.0/package/package.json not in flight; writing
54 verbose correctMkdir /Users/Retina/.npm correctMkdir not in flight; initializing
55 verbose afterAdd /Users/Retina/.npm/tns-android/3.2.0/package/package.json written
56 silly fetchOtherPackageData util/util.js@*
57 silly cache add args [ 'util/util.js@*', null ]
58 verbose cache add spec util/util.js@*
59 silly cache add parsed spec Result {
59 silly cache add   raw: 'util/util.js@*',
59 silly cache add   scope: null,
59 silly cache add   escapedName: null,
59 silly cache add   name: null,
59 silly cache add   rawSpec: 'util/util.js@*',
59 silly cache add   spec: '/Development/McGill/ecse424/hci-project/Pass-The-Phone/node_modules/assert/util/util.js@*',
59 silly cache add   type: 'local' }
60 error addLocal Could not install /Development/McGill/ecse424/hci-project/Pass-The-Phone/node_modules/assert/util/util.js@*
61 silly fetchPackageMetaData Error: ENOENT: no such file or directory, open '/Development/McGill/ecse424/hci-project/Pass-The-Phone/node_modules/assert/util/util.js@*'
61 silly fetchPackageMetaData     at Error (native)
61 silly fetchPackageMetaData  error for util/util.js@* { Error: ENOENT: no such file or directory, open '/Development/McGill/ecse424/hci-project/Pass-The-Phone/node_modules/assert/util/util.js@*'
61 silly fetchPackageMetaData     at Error (native)
61 silly fetchPackageMetaData   errno: -2,
61 silly fetchPackageMetaData   code: 'ENOENT',
61 silly fetchPackageMetaData   syscall: 'open',
61 silly fetchPackageMetaData   path: '/Development/McGill/ecse424/hci-project/Pass-The-Phone/node_modules/assert/util/util.js@*' }
62 silly rollbackFailedOptional Starting
63 silly rollbackFailedOptional Finishing
64 silly runTopLevelLifecycles Finishing
65 silly install printInstalled
66 verbose stack Error: ENOENT: no such file or directory, open '/Development/McGill/ecse424/hci-project/Pass-The-Phone/node_modules/assert/util/util.js@*'
66 verbose stack     at Error (native)
67 verbose cwd /Development/McGill/ecse424/hci-project/Pass-The-Phone
68 error Darwin 15.6.0
69 error argv "/usr/local/bin/node" "/usr/local/bin/npm" "install" "tns-android@3.2.0"
70 error node v6.11.4
71 error npm  v3.10.10
72 error path /Development/McGill/ecse424/hci-project/Pass-The-Phone/node_modules/assert/util/util.js@*
73 error code ENOENT
74 error errno -2
75 error syscall open
76 error enoent ENOENT: no such file or directory, open '/Development/McGill/ecse424/hci-project/Pass-The-Phone/node_modules/assert/util/util.js@*'
77 error enoent ENOENT: no such file or directory, open '/Development/McGill/ecse424/hci-project/Pass-The-Phone/node_modules/assert/util/util.js@*'
77 error enoent This is most likely not a problem with npm itself
77 error enoent and is related to npm not being able to find a file.
78 verbose exit [ -2, true ]
